[?25l[2J[m[35m[2m[H$[m[1m[2m[1Cnext build
]0;C:\Users\phamn\.bun\bin\bun.exe[?25h[22m[?25l   [38;2;173;127;168m[1m▲ Next.js 15.0.3[m
   - Environments: .env[5;1H[?25h [37m[1m [m Creating an optimized production build ...
<w> [webpack.cache.PackFileCacheStrategy/webpack.FileSystemInfo] Resolving 'react-dom/package.json' in D:\projects\my-app\node_modules\next\dist\build for build dependencies doesn't lead to expected result 'D:\projects\my-app\node_modules\react-dom\package.json', but to 'D:\projects\my-app\node_modules\next\node_modules\react-dom\package.json' instead. Resolving dependencies are ignored for this path.
<w>  at unknown 4 react-dom/package.json
<w>  at file dependencies D:\projects\my-app\node_modules\next\dist\build\webpack-config.js
<w>  at file D:\projects\my-app\node_modules\next\dist\build\webpack-config.js
<w>  at file dependencies D:\projects\my-app\node_modules\next\dist\build\webpack\loaders\next-swc-loader.js
<w>  at file D:\projects\my-app\node_modules\next\dist\build\webpack\loaders\next-swc-loader.js
<w>  at resolve commonjs D:\projects\my-app\node_modules\next\dist\build\webpack\loaders\next-swc-loader.js
<w> [webpack.cache.PackFileCacheStrategy/webpack.FileSystemInfo] Resolving 'react/package.json' in D:\projects\my-app\no
[10;120Hode_modules\next\dist\build for build dependencies doesn't lead to expected result 'D:\projects\my-app\node_modules\react
[10;120Ht\package.json', but to 'D:\projects\my-app\node_modules\next\node_modules\react\package.json' instead. Resolving depende
[10;120Hencies are ignored for this path.
<w>  at unknown 4 react/package.json
<w>  at file dependencies D:\projects\my-app\node_modules\next\dist\build\webpack-config.js
<w>  at file D:\projects\my-app\node_modules\next\dist\build\webpack-config.js
<w>  at file dependencies D:\projects\my-app\node_modules\next\dist\build\webpack\loaders\next-swc-loader.js
<w>  at file D:\projects\my-app\node_modules\next\dist\build\webpack\loaders\next-swc-loader.js
<w>  at resolve commonjs D:\projects\my-app\node_modules\next\dist\build\webpack\loaders\next-swc-loader.js
